<?xml version="1.0" encoding="UTF-8"?>
<!-- Generated by org.testng.reporters.JUnitReportReporter -->
<testsuite skipped="0" hostname="DESKTOP-33A93L7" name="com.class11.TestNGDemo" tests="1" failures="0" timestamp="28 May 2019 22:09:46 GMT" time="0.023" errors="0">
  <testcase name="helloWorld" time="0.023" classname="com.class11.TestNGDemo"/>
</testsuite> <!-- com.class11.TestNGDemo -->
